SF:lib\desktop\screens\main_screen\blocs\main_screen_body_playlist_side_bar_bloc\main_screen_body_playlist_side_bar_bloc.dart
DA:16,14
DA:17,7
DA:18,14
DA:19,14
DA:21,10
DA:22,9
DA:24,6
DA:27,2
DA:28,4
DA:29,2
DA:30,4
DA:35,2
DA:38,2
DA:42,3
DA:43,6
DA:44,2
DA:45,4
DA:48,3
DA:50,8
DA:52,2
DA:53,4
DA:55,6
DA:60,2
DA:61,2
DA:64,1
DA:65,2
DA:67,3
DA:75,2
DA:83,2
DA:86,2
DA:87,2
DA:88,4
DA:97,2
DA:98,1
DA:101,1
DA:105,1
DA:106,2
DA:115,1
DA:116,2
DA:118,2
DA:122,2
DA:125,2
DA:131,4
DA:132,2
DA:133,2
DA:136,1
DA:137,2
DA:139,2
DA:144,1
DA:145,2
DA:148,1
DA:149,2
DA:151,2
LF:53
LH:53
end_of_record
SF:lib\desktop\screens\main_screen\blocs\main_screen_body_playlist_side_bar_bloc\main_screen_body_playlist_side_bar_event.dart
DA:6,7
DA:10,5
DA:14,5
DA:21,2
DA:27,2
LF:5
LH:5
end_of_record
SF:lib\desktop\screens\main_screen\blocs\main_screen_body_playlist_side_bar_bloc\main_screen_body_playlist_side_bar_state.dart
DA:8,54
DA:13,3
DA:17,3
DA:18,1
DA:19,3
DA:23,1
DA:24,1
DA:25,1
DA:26,1
DA:29,3
DA:30,9
LF:11
LH:11
end_of_record
SF:lib\shared\helpers\platform_helper.dart
DA:4,4
DA:5,9
DA:6,9
LF:3
LH:3
end_of_record
SF:lib\shared\models\playlist.dart
DA:23,15
DA:30,3
DA:36,3
DA:37,3
DA:38,2
DA:39,3
DA:40,2
DA:44,15
DA:45,15
DA:46,45
DA:47,45
DA:48,45
DA:49,75
DA:53,4
DA:54,4
DA:56,4
DA:57,4
DA:62,1
DA:63,1
DA:64,1
DA:65,1
DA:66,1
DA:68,2
DA:69,2
DA:70,2
DA:71,4
DA:72,4
DA:73,4
DA:77,2
DA:78,2
DA:79,2
DA:80,2
DA:81,2
DA:82,2
DA:85,4
DA:86,20
LF:36
LH:36
end_of_record
SF:lib\shared\models\song.dart
DA:25,7
DA:36,2
DA:46,2
DA:47,2
DA:48,2
DA:49,2
DA:50,2
DA:51,1
DA:52,2
DA:53,2
DA:54,2
DA:58,7
DA:59,7
DA:60,21
DA:61,21
DA:62,21
DA:64,21
DA:65,49
DA:66,21
DA:67,35
DA:71,4
DA:72,4
DA:74,8
DA:78,1
DA:79,1
DA:80,1
DA:81,1
DA:82,1
DA:83,1
DA:84,3
DA:85,3
DA:86,2
DA:88,1
DA:89,1
DA:90,2
DA:91,2
DA:92,2
DA:93,2
DA:94,2
DA:95,2
DA:96,2
DA:97,3
DA:101,2
DA:102,2
DA:103,2
DA:104,2
DA:105,2
DA:106,2
DA:107,2
DA:108,2
DA:109,2
DA:110,2
DA:113,6
DA:115,6
DA:116,6
DA:117,6
DA:118,6
DA:119,6
DA:120,6
DA:121,6
DA:122,6
DA:123,6
LF:62
LH:62
end_of_record
SF:lib\shared\extensions\string_extension.dart
DA:7,12
DA:10,4
DA:11,4
DA:13,8
DA:14,4
DA:23,3
LF:6
LH:6
end_of_record
SF:lib\shared\models\conditions.dart
DA:16,4
DA:18,4
DA:20,4
DA:22,8
DA:23,8
DA:24,8
DA:25,16
DA:26,8
DA:29,4
DA:32,1
DA:33,1
DA:34,1
DA:35,1
DA:38,1
DA:39,3
LF:15
LH:15
end_of_record
SF:lib\shared\database.dart
DA:22,1
DA:23,1
DA:24,2
DA:30,1
DA:31,1
DA:33,1
DA:37,1
DA:38,2
DA:41,3
DA:44,2
DA:53,1
DA:54,1
DA:56,1
DA:66,2
DA:76,2
DA:92,1
DA:93,1
DA:94,2
DA:95,1
DA:99,3
DA:102,1
DA:107,2
DA:109,1
DA:110,1
DA:114,1
DA:117,1
DA:122,1
DA:123,1
DA:124,2
DA:128,1
DA:133,2
DA:136,2
DA:137,2
DA:145,1
DA:151,2
DA:154,1
DA:155,1
DA:161,1
DA:169,1
DA:171,3
DA:175,1
DA:182,1
DA:183,2
DA:184,1
DA:186,2
DA:193,2
DA:194,3
LF:47
LH:47
end_of_record
SF:lib\shared\models\user_preferences.dart
DA:16,11
DA:23,1
DA:29,1
DA:30,1
DA:31,1
DA:32,1
DA:33,1
DA:37,10
DA:38,10
DA:39,30
DA:40,30
DA:41,30
DA:42,30
DA:46,1
DA:47,2
DA:48,2
DA:49,2
DA:50,1
DA:52,1
DA:53,1
DA:54,1
DA:55,1
DA:56,1
DA:57,1
DA:61,2
DA:62,2
DA:63,2
DA:64,2
DA:65,2
DA:66,2
DA:69,4
DA:70,20
LF:32
LH:32
end_of_record
SF:lib\desktop\screens\main_screen\blocs\main_screen_body_song_list_bloc\main_screen_body_song_list_bloc.dart
DA:14,14
DA:15,7
DA:16,14
DA:17,14
DA:19,11
DA:20,12
DA:23,8
DA:24,4
DA:27,4
DA:28,8
DA:30,4
DA:36,9
DA:37,4
DA:38,6
DA:43,4
DA:44,4
DA:49,2
DA:50,4
DA:52,6
DA:56,1
DA:57,2
DA:59,3
DA:65,9
DA:66,4
DA:67,6
DA:72,4
DA:73,4
DA:78,2
DA:79,4
DA:81,6
DA:85,4
DA:86,1
DA:87,2
DA:89,3
DA:90,5
DA:96,9
DA:97,8
DA:98,8
DA:99,2
DA:100,4
DA:102,6
DA:103,10
DA:107,1
DA:108,2
DA:110,3
LF:45
LH:45
end_of_record
SF:lib\desktop\screens\main_screen\blocs\main_screen_body_song_list_bloc\main_screen_body_song_list_event.dart
DA:7,5
DA:13,4
DA:19,2
DA:25,2
DA:31,2
LF:5
LH:5
end_of_record
SF:lib\desktop\screens\main_screen\blocs\main_screen_body_song_list_bloc\main_screen_body_song_list_state.dart
DA:21,49
DA:28,5
DA:34,5
DA:35,1
DA:37,5
DA:38,5
DA:42,1
DA:43,1
DA:44,1
DA:45,1
DA:46,1
DA:47,1
DA:50,5
DA:52,5
DA:53,5
DA:54,5
DA:55,5
DA:56,5
LF:18
LH:18
end_of_record
SF:lib\shared\blocs\user_preferences_cubit.dart
DA:9,9
DA:11,2
DA:12,6
DA:13,2
DA:14,4
DA:19,1
DA:20,3
DA:21,1
DA:22,2
DA:27,1
DA:28,3
DA:29,1
DA:30,2
DA:35,1
DA:36,3
DA:37,1
LF:16
LH:16
end_of_record
SF:lib\desktop\screens\main_screen\widgets\main_screen_body\main_screen_body_song_list.dart
DA:26,3
DA:28,3
DA:29,3
DA:39,3
DA:41,3
DA:42,8
DA:45,3
DA:47,6
DA:48,6
DA:49,3
DA:52,3
DA:54,3
DA:55,3
DA:56,1
DA:57,4
DA:58,2
DA:60,1
DA:62,3
DA:63,3
DA:64,3
DA:65,7
DA:66,3
DA:67,3
DA:68,3
DA:69,6
DA:71,3
DA:72,3
DA:73,3
DA:74,3
DA:75,3
DA:76,3
DA:77,1
DA:78,1
DA:81,3
DA:82,1
DA:83,1
DA:85,3
DA:86,2
DA:114,1
DA:115,3
DA:116,3
DA:120,3
DA:121,3
DA:122,1
DA:123,1
DA:124,3
DA:125,3
DA:126,3
DA:128,1
DA:137,1
DA:143,1
DA:145,1
DA:147,1
DA:148,1
DA:150,1
DA:152,1
DA:154,2
DA:155,1
DA:156,1
DA:157,3
DA:158,1
DA:159,1
DA:162,1
DA:163,1
DA:166,1
DA:175,1
DA:183,2
DA:184,2
DA:186,1
DA:187,1
DA:188,1
DA:189,2
DA:191,2
DA:192,2
DA:195,1
DA:196,1
DA:200,1
DA:201,1
DA:202,2
DA:207,2
DA:208,1
DA:209,2
DA:218,3
DA:219,1
DA:220,1
DA:221,2
DA:229,1
DA:230,3
LF:88
LH:88
end_of_record
SF:lib\desktop\screens\main_screen\enums\main_screen_body_playlist_side_bar_context_menu_enum.dart
DA:39,1
DA:44,1
DA:47,2
DA:48,3
DA:49,1
DA:50,2
DA:51,1
DA:52,2
DA:53,1
DA:54,1
DA:58,2
DA:64,2
DA:66,4
DA:67,4
DA:70,2
DA:71,2
DA:72,2
DA:73,2
DA:74,3
DA:84,2
LF:20
LH:20
end_of_record
SF:lib\shared\controllers\model_resolver_controller.dart
DA:10,15
LF:1
LH:1
end_of_record
SF:lib\shared\helpers\context_menu_helper.dart
DA:9,4
DA:15,4
DA:17,4
DA:19,4
DA:20,4
DA:21,4
DA:26,4
DA:30,4
DA:31,8
DA:32,8
DA:33,12
DA:36,4
DA:37,4
DA:38,4
DA:39,4
DA:40,6
DA:41,4
DA:44,4
DA:45,4
DA:46,4
DA:47,4
DA:50,4
DA:51,4
DA:52,12
DA:58,4
LF:25
LH:25
end_of_record
SF:lib\shared\models\context_menu_item.dart
DA:11,5
DA:17,1
DA:22,1
DA:23,1
DA:24,1
DA:25,1
DA:29,1
DA:30,1
DA:31,1
DA:32,1
DA:33,1
DA:36,1
DA:37,4
LF:13
LH:13
end_of_record
SF:lib\shared\widgets\modals\delete_playlist_from_device_confirmation_modal.dart
DA:13,2
DA:15,2
DA:20,2
DA:22,1
DA:23,1
DA:24,3
DA:25,3
DA:27,1
DA:28,1
DA:29,1
DA:31,2
DA:34,1
DA:35,1
DA:37,2
DA:40,4
DA:41,2
DA:45,1
DA:47,1
DA:48,3
DA:49,3
LF:20
LH:20
end_of_record
SF:lib\shared\widgets\modals\rename_playlist_modal.dart
DA:15,2
DA:17,2
DA:22,2
DA:24,2
DA:26,2
DA:27,4
DA:29,1
DA:31,1
DA:32,1
DA:34,1
DA:40,2
DA:46,2
DA:47,2
DA:49,1
DA:50,2
DA:52,2
DA:61,6
DA:64,2
DA:66,2
DA:67,4
DA:70,2
DA:72,4
DA:73,4
DA:74,2
DA:77,2
DA:79,2
DA:80,2
DA:81,2
DA:82,2
DA:83,2
DA:84,3
LF:31
LH:31
end_of_record
SF:lib\desktop\screens\main_screen\enums\main_screen_body_song_list_context_menu_enum.dart
DA:36,1
DA:40,1
DA:41,1
DA:44,1
DA:45,2
DA:46,3
DA:48,1
DA:49,2
DA:51,1
DA:52,2
DA:54,1
DA:55,1
DA:60,2
DA:65,2
DA:69,2
DA:70,2
DA:71,2
DA:72,2
DA:73,2
DA:74,3
DA:77,2
LF:21
LH:21
end_of_record
SF:lib\shared\extensions\build_context_extension.dart
DA:5,112
DA:6,60
DA:8,3
DA:9,3
DA:12,2
DA:13,2
DA:16,1
DA:17,1
LF:8
LH:8
end_of_record
SF:lib\shared\widgets\modals\delete_song_modal.dart
DA:13,2
DA:15,2
DA:16,2
DA:18,1
DA:19,2
DA:20,1
DA:23,4
DA:24,2
DA:28,2
DA:30,2
DA:31,6
DA:32,6
LF:12
LH:12
end_of_record
SF:lib\shared\design_system\color_design_system.dart
DA:8,19
DA:9,19
DA:16,27
DA:17,27
LF:4
LH:4
end_of_record
SF:lib\shared\extensions\duration_extension.dart
DA:2,2
DA:3,6
DA:4,6
DA:5,6
DA:7,4
DA:8,3
DA:10,2
LF:7
LH:7
end_of_record
SF:lib\shared\extensions\text_style_extension.dart
DA:4,32
LF:1
LH:1
end_of_record
SF:lib\shared\widgets\buttons\base_hover_button.dart
DA:31,18
DA:42,18
DA:43,18
DA:47,54
DA:48,54
DA:49,54
DA:50,54
DA:51,36
DA:52,12
DA:53,54
DA:57,18
DA:59,36
DA:60,18
DA:63,18
DA:65,18
DA:67,18
DA:71,36
DA:72,12
DA:76,18
DA:77,18
DA:78,18
DA:79,18
DA:80,18
DA:81,18
DA:82,18
DA:83,18
DA:84,18
DA:85,18
DA:97,36
LF:29
LH:29
end_of_record
SF:lib\shared\widgets\headers\underline_header.dart
DA:8,8
DA:10,5
DA:12,5
DA:13,5
DA:14,5
DA:15,5
DA:16,10
LF:7
LH:7
end_of_record
SF:lib\shared\widgets\images\base_image.dart
DA:29,7
DA:38,24
DA:42,7
DA:46,7
DA:47,3
DA:48,6
DA:49,3
DA:52,7
DA:53,7
DA:54,7
DA:55,7
DA:56,7
DA:57,7
DA:58,7
DA:60,7
DA:61,9
DA:82,7
DA:83,10
LF:18
LH:18
end_of_record
SF:lib\shared\widgets\inputs\underline_input.dart
DA:23,4
DA:32,4
DA:34,4
DA:36,4
DA:37,4
DA:38,4
DA:39,4
DA:40,4
LF:8
LH:8
end_of_record
SF:lib\shared\widgets\loading\loading_circle.dart
DA:5,87
DA:7,6
DA:9,6
DA:10,6
LF:4
LH:4
end_of_record
SF:lib\shared\widgets\scrollbars\vertical_scroll_list.dart
DA:8,9
DA:14,9
DA:15,9
DA:21,9
DA:23,9
DA:24,36
DA:27,9
DA:29,18
DA:30,9
DA:33,9
DA:35,18
DA:37,9
DA:38,9
DA:42,9
LF:14
LH:14
end_of_record
SF:lib\shared\blocs\base_form_bloc\base_form_bloc.dart
DA:9,9
DA:12,18
DA:13,16
DA:14,21
DA:16,5
DA:19,4
DA:20,8
DA:30,7
DA:32,7
DA:33,14
DA:40,4
DA:41,4
DA:44,2
DA:45,4
DA:47,2
LF:15
LH:15
end_of_record
SF:lib\shared\blocs\base_form_bloc\base_form_event.dart
DA:5,44
DA:9,44
LF:2
LH:2
end_of_record
SF:lib\shared\blocs\base_form_bloc\base_form_state.dart
DA:9,10
DA:15,7
DA:20,7
DA:21,1
DA:22,7
DA:23,7
DA:27,1
DA:28,1
DA:29,1
DA:30,1
DA:31,1
DA:34,7
DA:35,28
LF:13
LH:13
end_of_record
SF:lib\shared\widgets\forms\base_form.dart
DA:25,7
DA:35,7
DA:36,7
DA:40,21
DA:41,21
DA:42,21
DA:43,15
DA:44,12
DA:45,21
DA:49,7
DA:51,7
DA:52,14
DA:53,7
DA:54,7
DA:56,21
DA:59,7
DA:61,14
DA:62,7
DA:65,7
DA:67,7
DA:68,7
DA:69,7
DA:70,5
DA:71,10
DA:72,15
DA:73,10
DA:74,12
DA:77,7
DA:78,14
DA:79,14
LF:30
LH:30
end_of_record
SF:lib\shared\blocs\model_resolver_bloc\model_resolver_bloc.dart
DA:8,27
DA:9,18
DA:10,27
DA:13,18
DA:15,9
DA:16,18
DA:23,2
DA:26,2
DA:27,4
LF:9
LH:9
end_of_record
SF:lib\shared\blocs\model_resolver_bloc\model_resolver_event.dart
DA:6,9
DA:13,9
LF:2
LH:2
end_of_record
SF:lib\shared\blocs\model_resolver_bloc\model_resolver_state.dart
DA:15,10
DA:21,9
DA:26,9
DA:27,9
DA:28,1
DA:29,9
DA:33,1
DA:34,1
DA:35,1
DA:36,1
DA:37,1
DA:40,9
DA:41,36
LF:13
LH:13
end_of_record
SF:lib\shared\widgets\model_resolvers\model_resolver.dart
DA:24,5
DA:31,5
DA:32,5
DA:36,15
DA:37,15
DA:38,9
DA:42,5
DA:44,5
DA:45,5
DA:46,12
DA:47,12
DA:50,5
DA:52,10
DA:53,5
DA:56,5
DA:58,5
DA:59,20
DA:60,5
DA:61,10
DA:62,5
DA:63,10
DA:66,9
DA:73,5
DA:74,10
DA:76,1
DA:78,1
LF:26
LH:26
end_of_record
SF:lib\shared\controllers\base_drawer_controller.dart
DA:11,1
DA:12,1
DA:13,1
DA:14,3
DA:17,3
DA:18,3
DA:19,3
DA:20,9
DA:23,1
DA:24,1
DA:25,3
DA:26,1
DA:29,1
DA:30,1
DA:31,3
DA:32,1
DA:35,70
DA:36,70
DA:37,70
LF:19
LH:19
end_of_record
SF:lib\shared\widgets\drawers\base_drawer.dart
DA:13,6
DA:20,4
DA:22,4
DA:23,4
DA:24,4
DA:26,6
DA:29,4
DA:30,4
DA:32,4
DA:33,4
DA:34,4
DA:35,8
DA:39,4
DA:41,4
DA:42,4
DA:43,4
DA:45,4
DA:48,4
DA:52,4
DA:53,4
DA:54,5
DA:55,1
DA:56,1
DA:57,2
DA:61,4
DA:66,4
LF:26
LH:26
end_of_record
SF:lib\shared\controllers\base_form_controller.dart
DA:11,6
DA:13,18
DA:15,12
DA:18,16
LF:4
LH:4
end_of_record
SF:lib\shared\design_system\decoration_design_system.dart
DA:5,72
LF:1
LH:1
end_of_record
SF:lib\shared\design_system\theme_data.dart
DA:5,35
DA:11,35
DA:13,35
DA:20,35
DA:25,35
DA:28,35
DA:46,35
DA:47,35
DA:51,35
DA:55,35
DA:59,35
DA:64,35
DA:69,35
DA:74,35
DA:79,35
DA:84,35
DA:91,35
DA:96,35
DA:100,35
DA:102,35
LF:20
LH:20
end_of_record
SF:lib\shared\enums\input_type_enum.dart
DA:9,8
DA:10,8
DA:11,8
DA:17,8
DA:18,4
DA:19,4
DA:22,4
DA:23,4
LF:8
LH:8
end_of_record
SF:lib\shared\enums\snack_bar_type_enum.dart
DA:5,6
LF:1
LH:1
end_of_record
SF:lib\shared\helpers\snack_bar_helper.dart
DA:7,5
DA:8,5
DA:9,10
DA:10,5
DA:18,4
DA:19,4
DA:26,3
DA:27,3
DA:34,5
DA:35,10
LF:10
LH:10
end_of_record
SF:lib\shared\widgets\snack_bars\base_snack_bar.dart
DA:11,5
DA:16,5
DA:21,5
DA:28,20
DA:30,5
DA:34,5
DA:46,5
DA:48,3
DA:50,3
DA:52,3
DA:54,3
DA:55,8
DA:56,3
DA:57,3
DA:59,6
DA:62,3
DA:64,3
DA:65,3
DA:66,3
DA:67,3
DA:68,3
DA:71,9
DA:72,6
DA:77,3
DA:78,2
DA:79,3
DA:81,6
DA:82,6
LF:28
LH:28
end_of_record
SF:lib\shared\widgets\buttons\icon_text_hover_button.dart
DA:23,16
DA:38,48
DA:42,16
DA:44,16
DA:45,16
DA:46,16
DA:47,16
DA:48,16
DA:49,16
DA:50,16
DA:59,16
DA:60,16
DA:61,16
DA:62,14
DA:63,14
DA:64,14
DA:67,48
DA:68,2
DA:69,2
DA:71,2
DA:72,2
DA:74,101
DA:75,16
DA:76,11
DA:77,11
DA:78,11
DA:81,11
DA:82,44
LF:28
LH:28
end_of_record
SF:lib\shared\widgets\buttons\no_feedback_button.dart
DA:8,4
DA:14,4
DA:16,4
DA:20,6
DA:21,4
LF:5
LH:5
end_of_record
SF:lib\shared\widgets\dividers\basic_divider.dart
DA:8,50
DA:14,7
DA:16,14
DA:18,7
DA:19,7
DA:20,7
DA:23,7
LF:7
LH:7
end_of_record
SF:lib\shared\widgets\inputs\base_input.dart
DA:33,8
DA:43,8
DA:45,24
DA:46,16
DA:47,8
DA:48,16
DA:53,8
DA:54,8
DA:55,8
DA:57,8
DA:58,8
DA:59,8
DA:64,8
DA:71,6
LF:14
LH:14
end_of_record
SF:lib\shared\widgets\inputs\outline_input.dart
DA:23,4
DA:32,4
DA:34,4
DA:36,4
DA:37,4
DA:38,4
DA:39,4
DA:40,4
LF:8
LH:8
end_of_record
SF:lib\shared\widgets\modals\base_modal.dart
DA:44,6
DA:53,6
DA:62,6
DA:65,6
DA:66,6
DA:78,6
DA:79,6
DA:83,18
DA:84,18
DA:85,12
DA:86,9
DA:87,18
DA:88,18
DA:92,6
DA:94,6
DA:95,6
DA:96,6
DA:98,6
DA:100,6
DA:102,6
DA:103,6
DA:104,6
DA:105,6
DA:107,6
DA:110,6
DA:112,12
DA:114,6
DA:115,6
DA:116,6
DA:117,6
DA:118,4
DA:119,7
DA:120,8
DA:122,8
DA:123,6
DA:124,6
DA:126,6
DA:128,6
DA:129,6
DA:130,6
DA:131,6
DA:132,6
DA:133,6
DA:136,18
DA:139,6
DA:140,6
DA:142,12
DA:143,3
DA:149,6
DA:152,6
DA:153,6
DA:154,6
DA:155,6
DA:159,12
DA:163,6
DA:164,6
DA:168,3
LF:57
LH:57
end_of_record
SF:lib\shared\widgets\scaffolds\base_scaffold.dart
DA:10,35
DA:12,35
DA:13,35
DA:19,35
DA:21,70
DA:22,35
DA:25,35
DA:27,35
DA:28,35
DA:29,35
DA:30,35
DA:31,35
DA:32,35
DA:33,70
DA:34,70
DA:35,70
DA:36,70
DA:37,70
LF:18
LH:18
end_of_record
SF:lib\shared\widgets\specific\playlist_listing.dart
DA:21,5
DA:23,4
DA:24,4
DA:35,4
DA:37,4
DA:38,10
DA:41,4
DA:43,8
DA:44,8
DA:45,4
DA:48,4
DA:50,4
DA:51,4
DA:52,4
DA:53,16
DA:54,2
DA:55,2
DA:56,4
DA:58,2
DA:59,2
DA:60,2
DA:61,2
DA:62,2
DA:63,2
DA:64,2
DA:65,2
DA:68,2
DA:69,2
DA:70,2
DA:71,2
DA:73,4
DA:75,2
DA:77,2
DA:78,2
DA:79,2
DA:80,2
DA:81,4
DA:82,2
DA:89,1
DA:90,2
DA:91,1
DA:96,2
DA:97,1
DA:102,1
DA:103,1
DA:107,1
DA:124,1
DA:125,3
DA:126,3
DA:130,3
DA:131,3
DA:132,1
DA:133,4
DA:135,1
LF:54
LH:54
end_of_record
SF:lib\desktop\screens\main_screen\widgets\main_screen_app_bar\main_screen_app_bar.dart
DA:10,2
DA:12,2
DA:15,2
DA:17,2
DA:18,2
DA:19,2
DA:23,2
DA:25,4
DA:29,2
DA:31,2
DA:32,2
LF:11
LH:11
end_of_record
SF:lib\desktop\screens\main_screen\widgets\main_screen_app_bar\main_screen_app_bar_drawer.dart
DA:11,4
DA:13,2
DA:14,4
DA:21,2
DA:23,2
DA:24,2
DA:25,2
DA:26,2
DA:27,2
DA:28,2
DA:30,4
DA:32,2
DA:33,2
DA:34,2
DA:35,2
DA:37,1
DA:38,2
DA:39,2
DA:44,2
LF:19
LH:19
end_of_record
SF:lib\shared\widgets\app_bars\base_app_bar.dart
DA:20,3
DA:25,1
DA:28,3
DA:30,3
DA:32,6
DA:34,3
DA:35,3
LF:7
LH:7
end_of_record
SF:lib\desktop\screens\main_screen\enums\main_screen_app_bar_drawer_items_enum.dart
DA:32,1
DA:33,1
DA:38,2
DA:39,2
DA:40,3
DA:41,4
LF:6
LH:6
end_of_record
SF:lib\desktop\screens\main_screen\widgets\main_screen_body\main_screen_body_footer.dart
DA:23,3
DA:25,3
DA:27,3
DA:32,3
DA:33,3
DA:34,6
DA:35,6
DA:37,3
DA:38,3
DA:39,3
DA:40,3
DA:41,1
DA:42,3
DA:43,1
DA:58,1
DA:60,1
DA:62,1
DA:64,1
DA:65,1
DA:66,1
DA:67,1
DA:68,1
DA:69,2
DA:70,1
DA:71,2
DA:72,2
DA:75,1
DA:76,1
DA:79,1
DA:80,1
DA:81,2
DA:84,1
DA:107,3
DA:109,3
DA:110,3
DA:114,9
DA:119,3
DA:121,9
DA:122,3
DA:125,3
DA:127,6
DA:128,6
DA:129,3
DA:156,3
DA:158,3
DA:159,3
DA:161,3
DA:162,3
DA:164,3
DA:165,3
DA:166,3
DA:167,3
DA:168,3
DA:170,6
DA:172,3
DA:173,1
DA:181,3
DA:182,3
DA:183,3
DA:185,3
DA:186,3
DA:188,3
DA:189,2
DA:192,3
DA:194,2
DA:197,3
DA:198,3
DA:199,3
DA:200,3
DA:202,2
DA:207,3
DA:209,2
DA:212,3
DA:214,3
DA:215,2
DA:231,1
DA:233,1
DA:235,1
DA:236,1
DA:237,1
DA:238,1
DA:239,1
DA:241,1
DA:244,1
DA:245,2
DA:246,2
DA:248,3
DA:249,1
DA:250,1
DA:267,3
DA:273,3
DA:275,3
DA:276,3
DA:277,3
DA:278,3
DA:279,3
DA:285,4
DA:287,1
DA:288,1
DA:298,1
DA:300,1
DA:301,2
DA:305,2
DA:306,1
DA:311,1
DA:313,1
DA:314,2
DA:315,2
DA:316,1
DA:319,1
DA:321,1
DA:323,1
DA:324,1
DA:325,1
DA:331,1
DA:332,1
DA:334,2
DA:335,1
DA:336,3
DA:337,1
DA:338,1
DA:339,2
DA:341,1
DA:342,2
DA:343,1
DA:344,1
DA:346,1
DA:347,1
DA:348,1
DA:350,1
DA:351,1
DA:352,1
DA:353,1
DA:354,1
DA:355,1
DA:358,1
DA:360,1
DA:361,1
DA:366,1
DA:367,1
DA:368,4
DA:370,1
DA:371,1
DA:372,1
DA:376,1
DA:377,1
DA:378,1
DA:379,1
DA:380,1
DA:381,1
DA:382,1
DA:383,1
DA:385,2
DA:387,1
DA:397,1
DA:402,2
DA:403,2
DA:405,1
DA:406,1
DA:407,1
DA:408,1
DA:410,1
DA:411,2
DA:414,1
DA:415,1
DA:419,1
DA:420,1
DA:421,1
DA:426,1
DA:427,1
DA:428,1
DA:437,1
DA:438,2
DA:440,1
DA:441,1
DA:442,1
DA:444,1
DA:446,1
DA:448,1
DA:464,1
DA:483,4
DA:484,2
DA:485,2
DA:488,1
DA:489,1
DA:490,4
DA:491,2
DA:492,2
DA:493,2
DA:494,1
DA:510,1
DA:511,3
DA:512,1
DA:513,2
DA:514,2
DA:515,2
DA:516,1
DA:517,2
LF:198
LH:198
end_of_record
SF:lib\shared\widgets\sliders\base_slider.dart
DA:10,4
DA:18,4
DA:20,4
DA:21,4
DA:23,4
DA:25,4
DA:26,4
DA:27,6
LF:8
LH:8
end_of_record
SF:lib\desktop\screens\main_screen\widgets\main_screen_body\main_screen_body_playlist_side_bar.dart
DA:12,3
DA:14,3
DA:15,3
DA:22,3
DA:24,3
DA:25,9
DA:28,3
DA:30,6
DA:31,3
DA:34,3
DA:36,3
DA:37,3
DA:38,3
DA:39,3
DA:41,3
DA:42,3
DA:43,12
DA:45,3
DA:46,3
DA:48,6
DA:58,4
DA:60,3
DA:62,3
DA:66,3
DA:99,3
DA:101,3
DA:103,3
DA:105,6
LF:28
LH:28
end_of_record
SF:lib\shared\widgets\dividers\resize_divider.dart
DA:14,4
DA:21,4
DA:23,8
DA:25,4
DA:27,4
DA:28,4
DA:29,4
DA:31,4
DA:32,6
DA:33,3
DA:34,4
DA:37,4
DA:38,4
DA:39,4
DA:45,4
DA:46,4
DA:47,4
DA:48,4
DA:49,4
LF:19
LH:19
end_of_record
SF:lib\desktop\screens\main_screen\widgets\main_screen_body\main_screen_body.dart
DA:8,2
DA:10,2
LF:2
LH:2
end_of_record
SF:lib\desktop\screens\main_screen\widgets\main_screen.dart
DA:7,1
DA:9,1
LF:2
LH:2
end_of_record
